2022-04-25 21:16:00.9974|0|INFO|Microsoft.Hosting.Lifetime|Now listening on: https://localhost:5001 |url: |action: |Microsoft.AspNetCore.Hosting.GenericWebHostService.StartAsync
2022-04-25 21:16:01.0302|0|INFO|Microsoft.Hosting.Lifetime|Now listening on: http://localhost:5000 |url: |action: |Microsoft.AspNetCore.Hosting.GenericWebHostService.StartAsync
2022-04-25 21:16:01.0302|0|INFO|Microsoft.Hosting.Lifetime|Application started. Press Ctrl+C to shut down. |url: |action: |Microsoft.Extensions.Hosting.Internal.ConsoleLifetime.OnApplicationStarted
2022-04-25 21:16:01.0302|0|INFO|Microsoft.Hosting.Lifetime|Hosting environment: Development |url: |action: |Microsoft.Extensions.Hosting.Internal.ConsoleLifetime.OnApplicationStarted
2022-04-25 21:16:01.0302|0|INFO|Microsoft.Hosting.Lifetime|Content root path: C:\Users\leowa\Desktop\Automarket\Automarket\ |url: |action: |Microsoft.Extensions.Hosting.Internal.ConsoleLifetime.OnApplicationStarted
2022-04-25 21:16:34.1258|0|WARN|Microsoft.EntityFrameworkCore.Model.Validation|No store type was specified for the decimal property 'Price' on entity type 'Car'. This will cause values to be silently truncated if they do not fit in the default precision and scale. Explicitly specify the SQL server column type that can accommodate all the values in 'OnModelCreating' using 'HasColumnType', specify precision and scale using 'HasPrecision', or configure a value converter using 'HasConversion'. |url: https://localhost/Account/Login|action: Login|Microsoft.EntityFrameworkCore.Diagnostics.EventDefinition`2.Log
2022-04-25 21:18:00.6489|0|INFO|Microsoft.Hosting.Lifetime|Now listening on: https://localhost:5001 |url: |action: |Microsoft.AspNetCore.Hosting.GenericWebHostService.StartAsync
2022-04-25 21:18:00.6650|0|INFO|Microsoft.Hosting.Lifetime|Now listening on: http://localhost:5000 |url: |action: |Microsoft.AspNetCore.Hosting.GenericWebHostService.StartAsync
2022-04-25 21:18:00.6650|0|INFO|Microsoft.Hosting.Lifetime|Application started. Press Ctrl+C to shut down. |url: |action: |Microsoft.Extensions.Hosting.Internal.ConsoleLifetime.OnApplicationStarted
2022-04-25 21:18:00.6650|0|INFO|Microsoft.Hosting.Lifetime|Hosting environment: Development |url: |action: |Microsoft.Extensions.Hosting.Internal.ConsoleLifetime.OnApplicationStarted
2022-04-25 21:18:00.6650|0|INFO|Microsoft.Hosting.Lifetime|Content root path: C:\Users\leowa\Desktop\Automarket\Automarket\ |url: |action: |Microsoft.Extensions.Hosting.Internal.ConsoleLifetime.OnApplicationStarted
2022-04-25 21:18:09.6772|0|WARN|Microsoft.EntityFrameworkCore.Model.Validation|No store type was specified for the decimal property 'Price' on entity type 'Car'. This will cause values to be silently truncated if they do not fit in the default precision and scale. Explicitly specify the SQL server column type that can accommodate all the values in 'OnModelCreating' using 'HasColumnType', specify precision and scale using 'HasPrecision', or configure a value converter using 'HasConversion'. |url: https://localhost/Car/GetCars|action: GetCars|Microsoft.EntityFrameworkCore.Diagnostics.EventDefinition`2.Log
2022-04-25 21:20:09.0179|0|INFO|Microsoft.Hosting.Lifetime|Now listening on: https://localhost:5001 |url: |action: |Microsoft.AspNetCore.Hosting.GenericWebHostService.StartAsync
2022-04-25 21:20:09.0341|0|INFO|Microsoft.Hosting.Lifetime|Now listening on: http://localhost:5000 |url: |action: |Microsoft.AspNetCore.Hosting.GenericWebHostService.StartAsync
2022-04-25 21:20:09.0341|0|INFO|Microsoft.Hosting.Lifetime|Application started. Press Ctrl+C to shut down. |url: |action: |Microsoft.Extensions.Hosting.Internal.ConsoleLifetime.OnApplicationStarted
2022-04-25 21:20:09.0341|0|INFO|Microsoft.Hosting.Lifetime|Hosting environment: Development |url: |action: |Microsoft.Extensions.Hosting.Internal.ConsoleLifetime.OnApplicationStarted
2022-04-25 21:20:09.0341|0|INFO|Microsoft.Hosting.Lifetime|Content root path: C:\Users\leowa\Desktop\Automarket\Automarket\ |url: |action: |Microsoft.Extensions.Hosting.Internal.ConsoleLifetime.OnApplicationStarted
2022-04-25 21:21:57.7996|0|WARN|Microsoft.EntityFrameworkCore.Model.Validation|No store type was specified for the decimal property 'Price' on entity type 'Car'. This will cause values to be silently truncated if they do not fit in the default precision and scale. Explicitly specify the SQL server column type that can accommodate all the values in 'OnModelCreating' using 'HasColumnType', specify precision and scale using 'HasPrecision', or configure a value converter using 'HasConversion'. |url: https://localhost/Car/Save|action: Save|Microsoft.EntityFrameworkCore.Diagnostics.EventDefinition`2.Log
2022-04-25 21:48:24.1233|0|INFO|Microsoft.Hosting.Lifetime|Now listening on: https://localhost:5001 |url: |action: |Microsoft.AspNetCore.Hosting.GenericWebHostService.StartAsync
2022-04-25 21:48:24.1410|0|INFO|Microsoft.Hosting.Lifetime|Now listening on: http://localhost:5000 |url: |action: |Microsoft.AspNetCore.Hosting.GenericWebHostService.StartAsync
2022-04-25 21:48:24.1410|0|INFO|Microsoft.Hosting.Lifetime|Application started. Press Ctrl+C to shut down. |url: |action: |Microsoft.Extensions.Hosting.Internal.ConsoleLifetime.OnApplicationStarted
2022-04-25 21:48:24.1410|0|INFO|Microsoft.Hosting.Lifetime|Hosting environment: Development |url: |action: |Microsoft.Extensions.Hosting.Internal.ConsoleLifetime.OnApplicationStarted
2022-04-25 21:48:24.1410|0|INFO|Microsoft.Hosting.Lifetime|Content root path: C:\Users\leowa\Desktop\Automarket\Automarket\ |url: |action: |Microsoft.Extensions.Hosting.Internal.ConsoleLifetime.OnApplicationStarted
2022-04-25 21:48:29.6420|0|WARN|Microsoft.EntityFrameworkCore.Model.Validation|No store type was specified for the decimal property 'Price' on entity type 'Car'. This will cause values to be silently truncated if they do not fit in the default precision and scale. Explicitly specify the SQL server column type that can accommodate all the values in 'OnModelCreating' using 'HasColumnType', specify precision and scale using 'HasPrecision', or configure a value converter using 'HasConversion'. |url: https://localhost/Car/Save|action: Save|Microsoft.EntityFrameworkCore.Diagnostics.EventDefinition`2.Log
2022-04-25 21:49:59.8000|0|INFO|Microsoft.Hosting.Lifetime|Now listening on: https://localhost:5001 |url: |action: |Microsoft.AspNetCore.Hosting.GenericWebHostService.StartAsync
2022-04-25 21:49:59.8170|0|INFO|Microsoft.Hosting.Lifetime|Now listening on: http://localhost:5000 |url: |action: |Microsoft.AspNetCore.Hosting.GenericWebHostService.StartAsync
2022-04-25 21:49:59.8170|0|INFO|Microsoft.Hosting.Lifetime|Application started. Press Ctrl+C to shut down. |url: |action: |Microsoft.Extensions.Hosting.Internal.ConsoleLifetime.OnApplicationStarted
2022-04-25 21:49:59.8170|0|INFO|Microsoft.Hosting.Lifetime|Hosting environment: Development |url: |action: |Microsoft.Extensions.Hosting.Internal.ConsoleLifetime.OnApplicationStarted
2022-04-25 21:49:59.8170|0|INFO|Microsoft.Hosting.Lifetime|Content root path: C:\Users\leowa\Desktop\Automarket\Automarket\ |url: |action: |Microsoft.Extensions.Hosting.Internal.ConsoleLifetime.OnApplicationStarted
2022-04-25 21:50:06.4112|0|WARN|Microsoft.EntityFrameworkCore.Model.Validation|No store type was specified for the decimal property 'Price' on entity type 'Car'. This will cause values to be silently truncated if they do not fit in the default precision and scale. Explicitly specify the SQL server column type that can accommodate all the values in 'OnModelCreating' using 'HasColumnType', specify precision and scale using 'HasPrecision', or configure a value converter using 'HasConversion'. |url: https://localhost/Car/Save|action: Save|Microsoft.EntityFrameworkCore.Diagnostics.EventDefinition`2.Log
2022-04-25 21:51:36.6907|0|INFO|Microsoft.Hosting.Lifetime|Now listening on: https://localhost:5001 |url: |action: |Microsoft.AspNetCore.Hosting.GenericWebHostService.StartAsync
2022-04-25 21:51:36.7077|0|INFO|Microsoft.Hosting.Lifetime|Now listening on: http://localhost:5000 |url: |action: |Microsoft.AspNetCore.Hosting.GenericWebHostService.StartAsync
2022-04-25 21:51:36.7077|0|INFO|Microsoft.Hosting.Lifetime|Application started. Press Ctrl+C to shut down. |url: |action: |Microsoft.Extensions.Hosting.Internal.ConsoleLifetime.OnApplicationStarted
2022-04-25 21:51:36.7077|0|INFO|Microsoft.Hosting.Lifetime|Hosting environment: Development |url: |action: |Microsoft.Extensions.Hosting.Internal.ConsoleLifetime.OnApplicationStarted
2022-04-25 21:51:36.7077|0|INFO|Microsoft.Hosting.Lifetime|Content root path: C:\Users\leowa\Desktop\Automarket\Automarket\ |url: |action: |Microsoft.Extensions.Hosting.Internal.ConsoleLifetime.OnApplicationStarted
2022-04-25 21:52:30.4677|0|WARN|Microsoft.EntityFrameworkCore.Model.Validation|No store type was specified for the decimal property 'Price' on entity type 'Car'. This will cause values to be silently truncated if they do not fit in the default precision and scale. Explicitly specify the SQL server column type that can accommodate all the values in 'OnModelCreating' using 'HasColumnType', specify precision and scale using 'HasPrecision', or configure a value converter using 'HasConversion'. |url: https://localhost/Car/Save|action: Save|Microsoft.EntityFrameworkCore.Diagnostics.EventDefinition`2.Log
2022-04-25 21:53:10.6831|0|INFO|Microsoft.Hosting.Lifetime|Now listening on: https://localhost:5001 |url: |action: |Microsoft.AspNetCore.Hosting.GenericWebHostService.StartAsync
2022-04-25 21:53:10.6991|0|INFO|Microsoft.Hosting.Lifetime|Now listening on: http://localhost:5000 |url: |action: |Microsoft.AspNetCore.Hosting.GenericWebHostService.StartAsync
2022-04-25 21:53:10.6991|0|INFO|Microsoft.Hosting.Lifetime|Application started. Press Ctrl+C to shut down. |url: |action: |Microsoft.Extensions.Hosting.Internal.ConsoleLifetime.OnApplicationStarted
2022-04-25 21:53:10.6991|0|INFO|Microsoft.Hosting.Lifetime|Hosting environment: Development |url: |action: |Microsoft.Extensions.Hosting.Internal.ConsoleLifetime.OnApplicationStarted
2022-04-25 21:53:10.6991|0|INFO|Microsoft.Hosting.Lifetime|Content root path: C:\Users\leowa\Desktop\Automarket\Automarket\ |url: |action: |Microsoft.Extensions.Hosting.Internal.ConsoleLifetime.OnApplicationStarted
2022-04-25 21:53:29.4169|0|WARN|Microsoft.EntityFrameworkCore.Model.Validation|No store type was specified for the decimal property 'Price' on entity type 'Car'. This will cause values to be silently truncated if they do not fit in the default precision and scale. Explicitly specify the SQL server column type that can accommodate all the values in 'OnModelCreating' using 'HasColumnType', specify precision and scale using 'HasPrecision', or configure a value converter using 'HasConversion'. |url: https://localhost/Car/Save|action: Save|Microsoft.EntityFrameworkCore.Diagnostics.EventDefinition`2.Log
