2022-04-23 21:13:53.9580|0|INFO|Microsoft.Hosting.Lifetime|Now listening on: https://localhost:5001 |url: |action: |Microsoft.AspNetCore.Hosting.GenericWebHostService.StartAsync
2022-04-23 21:13:53.9843|0|INFO|Microsoft.Hosting.Lifetime|Now listening on: http://localhost:5000 |url: |action: |Microsoft.AspNetCore.Hosting.GenericWebHostService.StartAsync
2022-04-23 21:13:53.9843|0|INFO|Microsoft.Hosting.Lifetime|Application started. Press Ctrl+C to shut down. |url: |action: |Microsoft.Extensions.Hosting.Internal.ConsoleLifetime.OnApplicationStarted
2022-04-23 21:13:53.9843|0|INFO|Microsoft.Hosting.Lifetime|Hosting environment: Development |url: |action: |Microsoft.Extensions.Hosting.Internal.ConsoleLifetime.OnApplicationStarted
2022-04-23 21:13:53.9843|0|INFO|Microsoft.Hosting.Lifetime|Content root path: C:\Users\leowa\Desktop\Automarket\Automarket\ |url: |action: |Microsoft.Extensions.Hosting.Internal.ConsoleLifetime.OnApplicationStarted
2022-04-23 21:15:31.8640|0|WARN|Microsoft.EntityFrameworkCore.Model.Validation|No store type was specified for the decimal property 'Price' on entity type 'Car'. This will cause values to be silently truncated if they do not fit in the default precision and scale. Explicitly specify the SQL server column type that can accommodate all the values in 'OnModelCreating' using 'HasColumnType', specify precision and scale using 'HasPrecision', or configure a value converter using 'HasConversion'. |url: https://localhost/Account/Login|action: Login|Microsoft.EntityFrameworkCore.Diagnostics.EventDefinition`2.Log
2022-04-23 21:37:29.8365|0|ERROR|Microsoft.AspNetCore.Diagnostics.DeveloperExceptionPageMiddleware|An unhandled exception has occurred while executing the request. System.ArgumentNullException: Value cannot be null. (Parameter 'source')
   at System.Linq.ThrowHelper.ThrowArgumentNullException(ExceptionArgument argument)
   at System.Linq.Enumerable.ToList[TSource](IEnumerable`1 source)
   at Automarket.Controllers.CarController.GetCars() in C:\Users\leowa\Desktop\Automarket\Automarket\Controllers\CarController.cs:line 26
   at lambda_method232(Closure , Object , Object[] )
   at Microsoft.AspNetCore.Mvc.Infrastructure.ActionMethodExecutor.SyncActionResultExecutor.Execute(IActionResultTypeMapper mapper, ObjectMethodExecutor executor, Object controller, Object[] arguments)
   at Microsoft.AspNetCore.Mvc.Infrastructure.ControllerActionInvoker.<InvokeActionMethodAsync>g__Logged|12_1(ControllerActionInvoker invoker)
   at Microsoft.AspNetCore.Mvc.Infrastructure.ControllerActionInvoker.<InvokeNextActionFilterAsync>g__Awaited|10_0(ControllerActionInvoker invoker, Task lastTask, State next, Scope scope, Object state, Boolean isCompleted)
   at Microsoft.AspNetCore.Mvc.Infrastructure.ControllerActionInvoker.Rethrow(ActionExecutedContextSealed context)
   at Microsoft.AspNetCore.Mvc.Infrastructure.ControllerActionInvoker.Next(State& next, Scope& scope, Object& state, Boolean& isCompleted)
   at Microsoft.AspNetCore.Mvc.Infrastructure.ControllerActionInvoker.InvokeInnerFilterAsync()
--- End of stack trace from previous location ---
   at Microsoft.AspNetCore.Mvc.Infrastructure.ResourceInvoker.<InvokeNextResourceFilter>g__Awaited|25_0(ResourceInvoker invoker, Task lastTask, State next, Scope scope, Object state, Boolean isCompleted)
   at Microsoft.AspNetCore.Mvc.Infrastructure.ResourceInvoker.Rethrow(ResourceExecutedContextSealed context)
   at Microsoft.AspNetCore.Mvc.Infrastructure.ResourceInvoker.Next(State& next, Scope& scope, Object& state, Boolean& isCompleted)
   at Microsoft.AspNetCore.Mvc.Infrastructure.ResourceInvoker.InvokeFilterPipelineAsync()
--- End of stack trace from previous location ---
   at Microsoft.AspNetCore.Mvc.Infrastructure.ResourceInvoker.<InvokeAsync>g__Logged|17_1(ResourceInvoker invoker)
   at Microsoft.AspNetCore.Mvc.Infrastructure.ResourceInvoker.<InvokeAsync>g__Logged|17_1(ResourceInvoker invoker)
   at Microsoft.AspNetCore.Routing.EndpointMiddleware.<Invoke>g__AwaitRequestTask|6_0(Endpoint endpoint, Task requestTask, ILogger logger)
   at Microsoft.AspNetCore.Authorization.AuthorizationMiddleware.Invoke(HttpContext context)
   at Microsoft.AspNetCore.Authentication.AuthenticationMiddleware.Invoke(HttpContext context)
   at Microsoft.AspNetCore.Diagnostics.DeveloperExceptionPageMiddleware.Invoke(HttpContext context)|url: https://localhost/Car/GetCars|action: GetCars|Microsoft.AspNetCore.Diagnostics.DiagnosticsLoggerExtensions.UnhandledException
2022-04-23 21:39:22.4435|0|INFO|Microsoft.Hosting.Lifetime|Now listening on: https://localhost:5001 |url: |action: |Microsoft.AspNetCore.Hosting.GenericWebHostService.StartAsync
2022-04-23 21:39:22.4554|0|INFO|Microsoft.Hosting.Lifetime|Now listening on: http://localhost:5000 |url: |action: |Microsoft.AspNetCore.Hosting.GenericWebHostService.StartAsync
2022-04-23 21:39:22.4554|0|INFO|Microsoft.Hosting.Lifetime|Application started. Press Ctrl+C to shut down. |url: |action: |Microsoft.Extensions.Hosting.Internal.ConsoleLifetime.OnApplicationStarted
2022-04-23 21:39:22.4554|0|INFO|Microsoft.Hosting.Lifetime|Hosting environment: Development |url: |action: |Microsoft.Extensions.Hosting.Internal.ConsoleLifetime.OnApplicationStarted
2022-04-23 21:39:22.4554|0|INFO|Microsoft.Hosting.Lifetime|Content root path: C:\Users\leowa\Desktop\Automarket\Automarket\ |url: |action: |Microsoft.Extensions.Hosting.Internal.ConsoleLifetime.OnApplicationStarted
2022-04-23 21:39:32.2471|0|WARN|Microsoft.EntityFrameworkCore.Model.Validation|No store type was specified for the decimal property 'Price' on entity type 'Car'. This will cause values to be silently truncated if they do not fit in the default precision and scale. Explicitly specify the SQL server column type that can accommodate all the values in 'OnModelCreating' using 'HasColumnType', specify precision and scale using 'HasPrecision', or configure a value converter using 'HasConversion'. |url: https://localhost/Car/Save|action: Save|Microsoft.EntityFrameworkCore.Diagnostics.EventDefinition`2.Log
2022-04-23 21:39:33.8537|0|ERROR|Microsoft.AspNetCore.Diagnostics.DeveloperExceptionPageMiddleware|An unhandled exception has occurred while executing the request. System.NullReferenceException: Object reference not set to an instance of an object.
   at AspNetCore._Views_Car_GetCars.ExecuteAsync() in C:\Users\leowa\Desktop\Automarket\Automarket\Views\Car\GetCars.cshtml:line 21
   at Microsoft.AspNetCore.Mvc.Razor.RazorView.RenderPageCoreAsync(IRazorPage page, ViewContext context)
   at Microsoft.AspNetCore.Mvc.Razor.RazorView.RenderPageAsync(IRazorPage page, ViewContext context, Boolean invokeViewStarts)
   at Microsoft.AspNetCore.Mvc.Razor.RazorView.RenderAsync(ViewContext context)
   at Microsoft.AspNetCore.Mvc.ViewFeatures.ViewExecutor.ExecuteAsync(ViewContext viewContext, String contentType, Nullable`1 statusCode)
   at Microsoft.AspNetCore.Mvc.ViewFeatures.ViewExecutor.ExecuteAsync(ViewContext viewContext, String contentType, Nullable`1 statusCode)
   at Microsoft.AspNetCore.Mvc.ViewFeatures.ViewExecutor.ExecuteAsync(ActionContext actionContext, IView view, ViewDataDictionary viewData, ITempDataDictionary tempData, String contentType, Nullable`1 statusCode)
   at Microsoft.AspNetCore.Mvc.ViewFeatures.ViewResultExecutor.ExecuteAsync(ActionContext context, ViewResult result)
   at Microsoft.AspNetCore.Mvc.ViewResult.ExecuteResultAsync(ActionContext context)
   at Microsoft.AspNetCore.Mvc.Infrastructure.ResourceInvoker.<InvokeResultAsync>g__Logged|22_0(ResourceInvoker invoker, IActionResult result)
   at Microsoft.AspNetCore.Mvc.Infrastructure.ResourceInvoker.<InvokeNextResultFilterAsync>g__Awaited|30_0[TFilter,TFilterAsync](ResourceInvoker invoker, Task lastTask, State next, Scope scope, Object state, Boolean isCompleted)
   at Microsoft.AspNetCore.Mvc.Infrastructure.ResourceInvoker.Rethrow(ResultExecutedContextSealed context)
   at Microsoft.AspNetCore.Mvc.Infrastructure.ResourceInvoker.ResultNext[TFilter,TFilterAsync](State& next, Scope& scope, Object& state, Boolean& isCompleted)
   at Microsoft.AspNetCore.Mvc.Infrastructure.ResourceInvoker.InvokeResultFilters()
--- End of stack trace from previous location ---
   at Microsoft.AspNetCore.Mvc.Infrastructure.ResourceInvoker.<InvokeNextResourceFilter>g__Awaited|25_0(ResourceInvoker invoker, Task lastTask, State next, Scope scope, Object state, Boolean isCompleted)
   at Microsoft.AspNetCore.Mvc.Infrastructure.ResourceInvoker.Rethrow(ResourceExecutedContextSealed context)
   at Microsoft.AspNetCore.Mvc.Infrastructure.ResourceInvoker.Next(State& next, Scope& scope, Object& state, Boolean& isCompleted)
   at Microsoft.AspNetCore.Mvc.Infrastructure.ResourceInvoker.InvokeFilterPipelineAsync()
--- End of stack trace from previous location ---
   at Microsoft.AspNetCore.Mvc.Infrastructure.ResourceInvoker.<InvokeAsync>g__Logged|17_1(ResourceInvoker invoker)
   at Microsoft.AspNetCore.Mvc.Infrastructure.ResourceInvoker.<InvokeAsync>g__Logged|17_1(ResourceInvoker invoker)
   at Microsoft.AspNetCore.Routing.EndpointMiddleware.<Invoke>g__AwaitRequestTask|6_0(Endpoint endpoint, Task requestTask, ILogger logger)
   at Microsoft.AspNetCore.Authorization.AuthorizationMiddleware.Invoke(HttpContext context)
   at Microsoft.AspNetCore.Authentication.AuthenticationMiddleware.Invoke(HttpContext context)
   at Microsoft.AspNetCore.Diagnostics.DeveloperExceptionPageMiddleware.Invoke(HttpContext context)|url: https://localhost/Car/GetCars|action: GetCars|Microsoft.AspNetCore.Diagnostics.DiagnosticsLoggerExtensions.UnhandledException
2022-04-23 22:05:14.9276|0|INFO|Microsoft.Hosting.Lifetime|Now listening on: https://localhost:5001 |url: |action: |Microsoft.AspNetCore.Hosting.GenericWebHostService.StartAsync
2022-04-23 22:05:14.9453|0|INFO|Microsoft.Hosting.Lifetime|Now listening on: http://localhost:5000 |url: |action: |Microsoft.AspNetCore.Hosting.GenericWebHostService.StartAsync
2022-04-23 22:05:14.9453|0|INFO|Microsoft.Hosting.Lifetime|Application started. Press Ctrl+C to shut down. |url: |action: |Microsoft.Extensions.Hosting.Internal.ConsoleLifetime.OnApplicationStarted
2022-04-23 22:05:14.9453|0|INFO|Microsoft.Hosting.Lifetime|Hosting environment: Development |url: |action: |Microsoft.Extensions.Hosting.Internal.ConsoleLifetime.OnApplicationStarted
2022-04-23 22:05:14.9453|0|INFO|Microsoft.Hosting.Lifetime|Content root path: C:\Users\leowa\Desktop\Automarket\Automarket\ |url: |action: |Microsoft.Extensions.Hosting.Internal.ConsoleLifetime.OnApplicationStarted
2022-04-23 22:06:42.1439|0|WARN|Microsoft.EntityFrameworkCore.Model.Validation|No store type was specified for the decimal property 'Price' on entity type 'Car'. This will cause values to be silently truncated if they do not fit in the default precision and scale. Explicitly specify the SQL server column type that can accommodate all the values in 'OnModelCreating' using 'HasColumnType', specify precision and scale using 'HasPrecision', or configure a value converter using 'HasConversion'. |url: https://localhost/Car/Save|action: Save|Microsoft.EntityFrameworkCore.Diagnostics.EventDefinition`2.Log
2022-04-23 22:08:44.4627|0|INFO|Microsoft.Hosting.Lifetime|Now listening on: https://localhost:5001 |url: |action: |Microsoft.AspNetCore.Hosting.GenericWebHostService.StartAsync
2022-04-23 22:08:44.4862|0|INFO|Microsoft.Hosting.Lifetime|Now listening on: http://localhost:5000 |url: |action: |Microsoft.AspNetCore.Hosting.GenericWebHostService.StartAsync
2022-04-23 22:08:44.4862|0|INFO|Microsoft.Hosting.Lifetime|Application started. Press Ctrl+C to shut down. |url: |action: |Microsoft.Extensions.Hosting.Internal.ConsoleLifetime.OnApplicationStarted
2022-04-23 22:08:44.4862|0|INFO|Microsoft.Hosting.Lifetime|Hosting environment: Development |url: |action: |Microsoft.Extensions.Hosting.Internal.ConsoleLifetime.OnApplicationStarted
2022-04-23 22:08:44.4862|0|INFO|Microsoft.Hosting.Lifetime|Content root path: C:\Users\leowa\Desktop\Automarket\Automarket\ |url: |action: |Microsoft.Extensions.Hosting.Internal.ConsoleLifetime.OnApplicationStarted
2022-04-23 22:09:25.5326|0|WARN|Microsoft.EntityFrameworkCore.Model.Validation|No store type was specified for the decimal property 'Price' on entity type 'Car'. This will cause values to be silently truncated if they do not fit in the default precision and scale. Explicitly specify the SQL server column type that can accommodate all the values in 'OnModelCreating' using 'HasColumnType', specify precision and scale using 'HasPrecision', or configure a value converter using 'HasConversion'. |url: https://localhost/Car/Save|action: Save|Microsoft.EntityFrameworkCore.Diagnostics.EventDefinition`2.Log
2022-04-23 22:10:59.0472|0|INFO|Microsoft.Hosting.Lifetime|Now listening on: https://localhost:5001 |url: |action: |Microsoft.AspNetCore.Hosting.GenericWebHostService.StartAsync
2022-04-23 22:10:59.0630|0|INFO|Microsoft.Hosting.Lifetime|Now listening on: http://localhost:5000 |url: |action: |Microsoft.AspNetCore.Hosting.GenericWebHostService.StartAsync
2022-04-23 22:10:59.0630|0|INFO|Microsoft.Hosting.Lifetime|Application started. Press Ctrl+C to shut down. |url: |action: |Microsoft.Extensions.Hosting.Internal.ConsoleLifetime.OnApplicationStarted
2022-04-23 22:10:59.0630|0|INFO|Microsoft.Hosting.Lifetime|Hosting environment: Development |url: |action: |Microsoft.Extensions.Hosting.Internal.ConsoleLifetime.OnApplicationStarted
2022-04-23 22:10:59.0630|0|INFO|Microsoft.Hosting.Lifetime|Content root path: C:\Users\leowa\Desktop\Automarket\Automarket\ |url: |action: |Microsoft.Extensions.Hosting.Internal.ConsoleLifetime.OnApplicationStarted
2022-04-23 22:11:06.7218|0|WARN|Microsoft.EntityFrameworkCore.Model.Validation|No store type was specified for the decimal property 'Price' on entity type 'Car'. This will cause values to be silently truncated if they do not fit in the default precision and scale. Explicitly specify the SQL server column type that can accommodate all the values in 'OnModelCreating' using 'HasColumnType', specify precision and scale using 'HasPrecision', or configure a value converter using 'HasConversion'. |url: https://localhost/Car/Save|action: Save|Microsoft.EntityFrameworkCore.Diagnostics.EventDefinition`2.Log
2022-04-23 22:14:42.4635|0|INFO|Microsoft.Hosting.Lifetime|Now listening on: https://localhost:5001 |url: |action: |Microsoft.AspNetCore.Hosting.GenericWebHostService.StartAsync
2022-04-23 22:14:42.4829|0|INFO|Microsoft.Hosting.Lifetime|Now listening on: http://localhost:5000 |url: |action: |Microsoft.AspNetCore.Hosting.GenericWebHostService.StartAsync
2022-04-23 22:14:42.4829|0|INFO|Microsoft.Hosting.Lifetime|Application started. Press Ctrl+C to shut down. |url: |action: |Microsoft.Extensions.Hosting.Internal.ConsoleLifetime.OnApplicationStarted
2022-04-23 22:14:42.4829|0|INFO|Microsoft.Hosting.Lifetime|Hosting environment: Development |url: |action: |Microsoft.Extensions.Hosting.Internal.ConsoleLifetime.OnApplicationStarted
2022-04-23 22:14:42.4829|0|INFO|Microsoft.Hosting.Lifetime|Content root path: C:\Users\leowa\Desktop\Automarket\Automarket\ |url: |action: |Microsoft.Extensions.Hosting.Internal.ConsoleLifetime.OnApplicationStarted
2022-04-23 22:15:05.5543|0|WARN|Microsoft.EntityFrameworkCore.Model.Validation|No store type was specified for the decimal property 'Price' on entity type 'Car'. This will cause values to be silently truncated if they do not fit in the default precision and scale. Explicitly specify the SQL server column type that can accommodate all the values in 'OnModelCreating' using 'HasColumnType', specify precision and scale using 'HasPrecision', or configure a value converter using 'HasConversion'. |url: https://localhost/Car/Save|action: Save|Microsoft.EntityFrameworkCore.Diagnostics.EventDefinition`2.Log
2022-04-23 22:17:18.8230|0|INFO|Microsoft.Hosting.Lifetime|Now listening on: https://localhost:5001 |url: |action: |Microsoft.AspNetCore.Hosting.GenericWebHostService.StartAsync
2022-04-23 22:17:18.8358|0|INFO|Microsoft.Hosting.Lifetime|Now listening on: http://localhost:5000 |url: |action: |Microsoft.AspNetCore.Hosting.GenericWebHostService.StartAsync
2022-04-23 22:17:18.8358|0|INFO|Microsoft.Hosting.Lifetime|Application started. Press Ctrl+C to shut down. |url: |action: |Microsoft.Extensions.Hosting.Internal.ConsoleLifetime.OnApplicationStarted
2022-04-23 22:17:18.8358|0|INFO|Microsoft.Hosting.Lifetime|Hosting environment: Development |url: |action: |Microsoft.Extensions.Hosting.Internal.ConsoleLifetime.OnApplicationStarted
2022-04-23 22:17:18.8358|0|INFO|Microsoft.Hosting.Lifetime|Content root path: C:\Users\leowa\Desktop\Automarket\Automarket\ |url: |action: |Microsoft.Extensions.Hosting.Internal.ConsoleLifetime.OnApplicationStarted
2022-04-23 22:18:28.4108|0|WARN|Microsoft.EntityFrameworkCore.Model.Validation|No store type was specified for the decimal property 'Price' on entity type 'Car'. This will cause values to be silently truncated if they do not fit in the default precision and scale. Explicitly specify the SQL server column type that can accommodate all the values in 'OnModelCreating' using 'HasColumnType', specify precision and scale using 'HasPrecision', or configure a value converter using 'HasConversion'. |url: https://localhost/Car/Save|action: Save|Microsoft.EntityFrameworkCore.Diagnostics.EventDefinition`2.Log
2022-04-23 22:19:24.8792|0|INFO|Microsoft.Hosting.Lifetime|Now listening on: https://localhost:5001 |url: |action: |Microsoft.AspNetCore.Hosting.GenericWebHostService.StartAsync
2022-04-23 22:19:24.8940|0|INFO|Microsoft.Hosting.Lifetime|Now listening on: http://localhost:5000 |url: |action: |Microsoft.AspNetCore.Hosting.GenericWebHostService.StartAsync
2022-04-23 22:19:24.8940|0|INFO|Microsoft.Hosting.Lifetime|Application started. Press Ctrl+C to shut down. |url: |action: |Microsoft.Extensions.Hosting.Internal.ConsoleLifetime.OnApplicationStarted
2022-04-23 22:19:24.8940|0|INFO|Microsoft.Hosting.Lifetime|Hosting environment: Development |url: |action: |Microsoft.Extensions.Hosting.Internal.ConsoleLifetime.OnApplicationStarted
2022-04-23 22:19:24.8940|0|INFO|Microsoft.Hosting.Lifetime|Content root path: C:\Users\leowa\Desktop\Automarket\Automarket\ |url: |action: |Microsoft.Extensions.Hosting.Internal.ConsoleLifetime.OnApplicationStarted
2022-04-23 22:19:31.4511|0|WARN|Microsoft.EntityFrameworkCore.Model.Validation|No store type was specified for the decimal property 'Price' on entity type 'Car'. This will cause values to be silently truncated if they do not fit in the default precision and scale. Explicitly specify the SQL server column type that can accommodate all the values in 'OnModelCreating' using 'HasColumnType', specify precision and scale using 'HasPrecision', or configure a value converter using 'HasConversion'. |url: https://localhost/Car/Save|action: Save|Microsoft.EntityFrameworkCore.Diagnostics.EventDefinition`2.Log
2022-04-23 22:20:00.5912|0|INFO|Microsoft.Hosting.Lifetime|Now listening on: https://localhost:5001 |url: |action: |Microsoft.AspNetCore.Hosting.GenericWebHostService.StartAsync
2022-04-23 22:20:00.6079|0|INFO|Microsoft.Hosting.Lifetime|Now listening on: http://localhost:5000 |url: |action: |Microsoft.AspNetCore.Hosting.GenericWebHostService.StartAsync
2022-04-23 22:20:00.6079|0|INFO|Microsoft.Hosting.Lifetime|Application started. Press Ctrl+C to shut down. |url: |action: |Microsoft.Extensions.Hosting.Internal.ConsoleLifetime.OnApplicationStarted
2022-04-23 22:20:00.6079|0|INFO|Microsoft.Hosting.Lifetime|Hosting environment: Development |url: |action: |Microsoft.Extensions.Hosting.Internal.ConsoleLifetime.OnApplicationStarted
2022-04-23 22:20:00.6079|0|INFO|Microsoft.Hosting.Lifetime|Content root path: C:\Users\leowa\Desktop\Automarket\Automarket\ |url: |action: |Microsoft.Extensions.Hosting.Internal.ConsoleLifetime.OnApplicationStarted
2022-04-23 22:20:07.6958|0|WARN|Microsoft.EntityFrameworkCore.Model.Validation|No store type was specified for the decimal property 'Price' on entity type 'Car'. This will cause values to be silently truncated if they do not fit in the default precision and scale. Explicitly specify the SQL server column type that can accommodate all the values in 'OnModelCreating' using 'HasColumnType', specify precision and scale using 'HasPrecision', or configure a value converter using 'HasConversion'. |url: https://localhost/Car/Save|action: Save|Microsoft.EntityFrameworkCore.Diagnostics.EventDefinition`2.Log
2022-04-23 22:21:25.9985|0|INFO|Microsoft.Hosting.Lifetime|Now listening on: https://localhost:5001 |url: |action: |Microsoft.AspNetCore.Hosting.GenericWebHostService.StartAsync
2022-04-23 22:21:26.0158|0|INFO|Microsoft.Hosting.Lifetime|Now listening on: http://localhost:5000 |url: |action: |Microsoft.AspNetCore.Hosting.GenericWebHostService.StartAsync
2022-04-23 22:21:26.0158|0|INFO|Microsoft.Hosting.Lifetime|Application started. Press Ctrl+C to shut down. |url: |action: |Microsoft.Extensions.Hosting.Internal.ConsoleLifetime.OnApplicationStarted
2022-04-23 22:21:26.0158|0|INFO|Microsoft.Hosting.Lifetime|Hosting environment: Development |url: |action: |Microsoft.Extensions.Hosting.Internal.ConsoleLifetime.OnApplicationStarted
2022-04-23 22:21:26.0158|0|INFO|Microsoft.Hosting.Lifetime|Content root path: C:\Users\leowa\Desktop\Automarket\Automarket\ |url: |action: |Microsoft.Extensions.Hosting.Internal.ConsoleLifetime.OnApplicationStarted
2022-04-23 22:22:17.7047|0|WARN|Microsoft.EntityFrameworkCore.Model.Validation|No store type was specified for the decimal property 'Price' on entity type 'Car'. This will cause values to be silently truncated if they do not fit in the default precision and scale. Explicitly specify the SQL server column type that can accommodate all the values in 'OnModelCreating' using 'HasColumnType', specify precision and scale using 'HasPrecision', or configure a value converter using 'HasConversion'. |url: https://localhost/Car/Save|action: Save|Microsoft.EntityFrameworkCore.Diagnostics.EventDefinition`2.Log
2022-04-23 22:26:30.0033|0|INFO|Microsoft.Hosting.Lifetime|Now listening on: https://localhost:5001 |url: |action: |Microsoft.AspNetCore.Hosting.GenericWebHostService.StartAsync
2022-04-23 22:26:30.0209|0|INFO|Microsoft.Hosting.Lifetime|Now listening on: http://localhost:5000 |url: |action: |Microsoft.AspNetCore.Hosting.GenericWebHostService.StartAsync
2022-04-23 22:26:30.0214|0|INFO|Microsoft.Hosting.Lifetime|Application started. Press Ctrl+C to shut down. |url: |action: |Microsoft.Extensions.Hosting.Internal.ConsoleLifetime.OnApplicationStarted
2022-04-23 22:26:30.0214|0|INFO|Microsoft.Hosting.Lifetime|Hosting environment: Development |url: |action: |Microsoft.Extensions.Hosting.Internal.ConsoleLifetime.OnApplicationStarted
2022-04-23 22:26:30.0214|0|INFO|Microsoft.Hosting.Lifetime|Content root path: C:\Users\leowa\Desktop\Automarket\Automarket\ |url: |action: |Microsoft.Extensions.Hosting.Internal.ConsoleLifetime.OnApplicationStarted
2022-04-23 22:26:37.5879|0|WARN|Microsoft.EntityFrameworkCore.Model.Validation|No store type was specified for the decimal property 'Price' on entity type 'Car'. This will cause values to be silently truncated if they do not fit in the default precision and scale. Explicitly specify the SQL server column type that can accommodate all the values in 'OnModelCreating' using 'HasColumnType', specify precision and scale using 'HasPrecision', or configure a value converter using 'HasConversion'. |url: https://localhost/Car/GetCars|action: GetCars|Microsoft.EntityFrameworkCore.Diagnostics.EventDefinition`2.Log
